<?xml version="1.0" encoding="UTF-8"?>
<!-- Generated by org.testng.reporters.JUnitReportReporter -->
<testsuite skipped="0" hostname="COGNIWIN10-V1" name="tests.TC03_DeleteBookfromLibrary" tests="1" failures="0" timestamp="2019-12-02T17:39:37 IST" time="0.621" errors="0">
  <testcase name="deleteBookfromLibrary" time="0.621" classname="tests.TC03_DeleteBookfromLibrary"/>
</testsuite> <!-- tests.TC03_DeleteBookfromLibrary -->
