<?xml version="1.0" encoding="UTF-8"?>
<!-- Generated by org.testng.reporters.JUnitReportReporter -->
<testsuite skipped="0" hostname="COGNIWIN10-V1" name="tests.TC_02_GetBookfromLibrary" tests="2" failures="0" timestamp="2019-12-02T17:39:37 IST" time="1.328" errors="0">
  <testcase name="getBookbyAuthorName" time="0.686" classname="tests.TC_02_GetBookfromLibrary"/>
  <testcase name="getBookbyID" time="0.642" classname="tests.TC_02_GetBookfromLibrary"/>
</testsuite> <!-- tests.TC_02_GetBookfromLibrary -->
