<?xml version="1.0" encoding="UTF-8"?>
<!-- Generated by org.testng.reporters.JUnitReportReporter -->
<testsuite skipped="0" hostname="COGNIWIN10-V1" name="tests.TC_01_AddNewBookinLibrary" tests="4" failures="0" timestamp="2019-12-02T17:51:11 IST" time="5.350" errors="0">
  <testcase name="addBookinLibrary" time="0.606" classname="tests.TC_01_AddNewBookinLibrary"/>
  <testcase name="addBookinLibrary" time="0.606" classname="tests.TC_01_AddNewBookinLibrary"/>
  <testcase name="addBookinLibrary" time="3.531" classname="tests.TC_01_AddNewBookinLibrary"/>
  <testcase name="addBookinLibrary" time="0.607" classname="tests.TC_01_AddNewBookinLibrary"/>
</testsuite> <!-- tests.TC_01_AddNewBookinLibrary -->
